\BOOKMARK [1][-]{section.1}{\376\377\124\004\226\066\145\160\120\074\137\256\122\006}{}% 1
\BOOKMARK [2][-]{subsection.1.1}{\376\377\116\000\226\066\137\256\122\006}{section.1}% 2
\BOOKMARK [3][-]{subsubsection.1.1.1}{\376\377\124\021\122\115\135\356\122\006}{subsection.1.1}% 3
\BOOKMARK [3][-]{subsubsection.1.1.2}{\376\377\124\021\124\016\135\356\122\006}{subsection.1.1}% 4
\BOOKMARK [3][-]{subsubsection.1.1.3}{\376\377\116\055\137\303\135\356\122\006}{subsection.1.1}% 5
\BOOKMARK [2][-]{subsection.1.2}{\376\377\116\214\226\066\137\256\122\006}{section.1}% 6
\BOOKMARK [1][-]{section.2}{\376\377\173\054\116\000\230\230}{}% 7
\BOOKMARK [2][-]{subsection.2.1}{\376\377\230\230\166\356}{section.2}% 8
\BOOKMARK [2][-]{subsection.2.2}{\376\377\145\160\120\074\211\343}{section.2}% 9
\BOOKMARK [1][-]{section.3}{\376\377\173\054\116\214\230\230}{}% 10
\BOOKMARK [2][-]{subsection.3.1}{\376\377\230\230\166\356}{section.3}% 11
\BOOKMARK [2][-]{subsection.3.2}{\376\377\145\160\120\074\211\343}{section.3}% 12
\BOOKMARK [1][-]{section.4}{\376\377\173\054\116\011\230\230}{}% 13
\BOOKMARK [2][-]{subsection.4.1}{\376\377\230\230\166\356}{section.4}% 14
\BOOKMARK [2][-]{subsection.4.2}{\376\377\145\160\120\074\211\343}{section.4}% 15
\BOOKMARK [1][-]{section.5}{\376\377\173\054\126\333\230\230}{}% 16
\BOOKMARK [2][-]{subsection.5.1}{\376\377\230\230\166\356}{section.5}% 17
\BOOKMARK [2][-]{subsection.5.2}{\376\377\145\160\120\074\211\343}{section.5}% 18
\BOOKMARK [1][-]{section.6}{\376\377\173\054\116\224\230\230}{}% 19
\BOOKMARK [2][-]{subsection.6.1}{\376\377\230\230\166\356}{section.6}% 20
\BOOKMARK [2][-]{subsection.6.2}{\376\377\145\160\120\074\211\343}{section.6}% 21
\BOOKMARK [1][-]{section.7}{\376\377\173\054\121\155\230\230}{}% 22
\BOOKMARK [2][-]{subsection.7.1}{\376\377\230\230\166\356}{section.7}% 23
\BOOKMARK [2][-]{subsection.7.2}{\376\377\145\160\120\074\211\343}{section.7}% 24
\BOOKMARK [1][-]{section.8}{\376\377\173\054\116\003\230\230}{}% 25
\BOOKMARK [2][-]{subsection.8.1}{\376\377\230\230\166\356}{section.8}% 26
\BOOKMARK [2][-]{subsection.8.2}{\376\377\145\160\120\074\211\343}{section.8}% 27
\BOOKMARK [1][-]{section.9}{\376\377\173\054\121\153\230\230}{}% 28
\BOOKMARK [2][-]{subsection.9.1}{\376\377\230\230\166\356}{section.9}% 29
\BOOKMARK [2][-]{subsection.9.2}{\376\377\145\160\120\074\211\343}{section.9}% 30
\BOOKMARK [1][-]{section.10}{\376\377\213\357\135\356\122\006\147\220}{}% 31
